  [1m[35m (2.8ms)[0m  [1m[34mSELECT sqlite_version(*)[0m
  [1m[35m (2.2ms)[0m  [1m[35mCREATE TABLE "schema_migrations" ("version" varchar NOT NULL PRIMARY KEY)[0m
  [1m[35m (0.9ms)[0m  [1m[35mCREATE TABLE "ar_internal_metadata" ("key" varchar NOT NULL PRIMARY KEY, "value" varchar, "created_at" datetime(6) NOT NULL, "updated_at" datetime(6) NOT NULL)[0m
  [1m[35m (0.2ms)[0m  [1m[34mSELECT "schema_migrations"."version" FROM "schema_migrations" ORDER BY "schema_migrations"."version" ASC[0m
Migrating to CreateChildren (20210103025150)
  [1m[36mTRANSACTION (0.1ms)[0m  [1m[36mbegin transaction[0m
  [1m[35m (0.6ms)[0m  [1m[35mCREATE TABLE "children" ("id" integer PRIMARY KEY AUTOINCREMENT NOT NULL, "name" varchar, "age" integer, "grade" varchar, "created_at" datetime(6) NOT NULL, "updated_at" datetime(6) NOT NULL)[0m
  [1m[36mActiveRecord::SchemaMigration Create (0.2ms)[0m  [1m[32mINSERT INTO "schema_migrations" ("version") VALUES (?)[0m  [["version", "20210103025150"]]
  [1m[36mTRANSACTION (0.9ms)[0m  [1m[36mcommit transaction[0m
Migrating to CreateSchedules (20210103025334)
  [1m[35m (0.4ms)[0m  [1m[34mSELECT sqlite_version(*)[0m
  [1m[35m (0.1ms)[0m  [1m[34mSELECT "schema_migrations"."version" FROM "schema_migrations" ORDER BY "schema_migrations"."version" ASC[0m
Migrating to CreateSchedules (20210103025334)
  [1m[36mTRANSACTION (0.1ms)[0m  [1m[36mbegin transaction[0m
  [1m[35m (0.5ms)[0m  [1m[35mCREATE TABLE "schedules" ("id" integer PRIMARY KEY AUTOINCREMENT NOT NULL, "weekday" varchar, "subject" varchar, "content" varchar, "child_id" integer, "created_at" datetime(6) NOT NULL, "updated_at" datetime(6) NOT NULL)[0m
  [1m[35m (0.2ms)[0m  [1m[35mCREATE INDEX "index_schedules_on_child_id" ON "schedules" ("child_id")[0m
  [1m[36mActiveRecord::SchemaMigration Create (0.1ms)[0m  [1m[32mINSERT INTO "schema_migrations" ("version") VALUES (?)[0m  [["version", "20210103025334"]]
  [1m[36mTRANSACTION (1.0ms)[0m  [1m[36mcommit transaction[0m
  [1m[36mActiveRecord::InternalMetadata Load (0.3ms)[0m  [1m[34mSELECT "ar_internal_metadata".* FROM "ar_internal_metadata" WHERE "ar_internal_metadata"."key" = ? LIMIT ?[0m  [["key", "environment"], ["LIMIT", 1]]
  [1m[36mTRANSACTION (0.1ms)[0m  [1m[36mbegin transaction[0m
  [1m[36mActiveRecord::InternalMetadata Create (0.7ms)[0m  [1m[32mINSERT INTO "ar_internal_metadata" ("key", "value", "created_at", "updated_at") VALUES (?, ?, ?, ?)[0m  [["key", "environment"], ["value", "development"], ["created_at", "2021-01-03 02:57:11.929857"], ["updated_at", "2021-01-03 02:57:11.929857"]]
  [1m[36mTRANSACTION (0.9ms)[0m  [1m[36mcommit transaction[0m
  [1m[35m (0.1ms)[0m  [1m[34mSELECT sqlite_version(*)[0m
  [1m[35m (0.2ms)[0m  [1m[34mSELECT "schema_migrations"."version" FROM "schema_migrations" ORDER BY "schema_migrations"."version" ASC[0m
Started GET "/" for 127.0.0.1 at 2021-01-02 21:58:53 -0500
  [1m[35m (1.8ms)[0m  [1m[34mSELECT sqlite_version(*)[0m
  [1m[35m (0.6ms)[0m  [1m[34mSELECT "schema_migrations"."version" FROM "schema_migrations" ORDER BY "schema_migrations"."version" ASC[0m
Processing by Rails::WelcomeController#index as HTML
  Rendering /Users/anikamc/.rvm/rubies/ruby-2.6.3/lib/ruby/gems/2.6.0/gems/railties-6.1.0/lib/rails/templates/rails/welcome/index.html.erb
  Rendered /Users/anikamc/.rvm/rubies/ruby-2.6.3/lib/ruby/gems/2.6.0/gems/railties-6.1.0/lib/rails/templates/rails/welcome/index.html.erb (Duration: 10.9ms | Allocations: 488)
Completed 200 OK in 41ms (Views: 20.7ms | ActiveRecord: 0.0ms | Allocations: 4229)


Started GET "/schedules" for 127.0.0.1 at 2021-01-02 21:59:00 -0500
Processing by SchedulesController#index as HTML
  [1m[36mSchedule Load (0.6ms)[0m  [1m[34mSELECT "schedules".* FROM "schedules"[0m
  ↳ app/controllers/schedules_controller.rb:8:in `index'
Completed 200 OK in 14ms (Views: 1.6ms | ActiveRecord: 0.6ms | Allocations: 2424)


Started GET "/schedules" for 127.0.0.1 at 2021-01-02 21:59:05 -0500
Processing by SchedulesController#index as HTML
  [1m[36mSchedule Load (0.1ms)[0m  [1m[34mSELECT "schedules".* FROM "schedules"[0m
  ↳ app/controllers/schedules_controller.rb:8:in `index'
Completed 200 OK in 1ms (Views: 1.0ms | ActiveRecord: 0.1ms | Allocations: 605)


Started GET "/children" for 127.0.0.1 at 2021-01-02 21:59:11 -0500
Processing by ChildrenController#index as HTML
  [1m[36mChild Load (0.5ms)[0m  [1m[34mSELECT "children".* FROM "children"[0m
  ↳ app/controllers/children_controller.rb:8:in `index'
Completed 200 OK in 9ms (Views: 1.1ms | ActiveRecord: 0.5ms | Allocations: 2030)


